  [1m[35m (522.7ms)[0m  [1m[35mCREATE DATABASE "music_app_development" ENCODING = 'unicode'[0m
  [1m[35m (423.6ms)[0m  [1m[35mCREATE DATABASE "music_app_test" ENCODING = 'unicode'[0m
  [1m[35m (23.8ms)[0m  [1m[35mCREATE TABLE "schema_migrations" ("version" character varying NOT NULL PRIMARY KEY)[0m
  [1m[35m (40.4ms)[0m  [1m[35mCREATE TABLE "ar_internal_metadata" ("key" character varying NOT NULL PRIMARY KEY, "value" character varying, "created_at" timestamp(6) NOT NULL, "updated_at" timestamp(6) NOT NULL)[0m
  [1m[35m (0.6ms)[0m  [1m[34mSELECT pg_try_advisory_lock(4505726345591715405)[0m
  [1m[35m (1.4ms)[0m  [1m[34mSELECT "schema_migrations"."version" FROM "schema_migrations" ORDER BY "schema_migrations"."version" ASC[0m
Migrating to CreateUsers (20190830170956)
  [1m[35m (0.3ms)[0m  [1m[35mBEGIN[0m
  [1m[35m (43.6ms)[0m  [1m[35mCREATE TABLE "users" ("id" bigserial primary key, "email" character varying NOT NULL, "password_digest" character varying NOT NULL, "session_token" character varying NOT NULL, "created_at" timestamp(6) NOT NULL, "updated_at" timestamp(6) NOT NULL)[0m
  [1m[35m (2.8ms)[0m  [1m[31mROLLBACK[0m
  [1m[35m (0.6ms)[0m  [1m[34mSELECT pg_advisory_unlock(4505726345591715405)[0m
  [1m[35m (0.2ms)[0m  [1m[34mSELECT pg_try_advisory_lock(4505726345591715405)[0m
  [1m[35m (1.2ms)[0m  [1m[34mSELECT "schema_migrations"."version" FROM "schema_migrations" ORDER BY "schema_migrations"."version" ASC[0m
Migrating to CreateUsers (20190830170956)
  [1m[35m (0.2ms)[0m  [1m[35mBEGIN[0m
  [1m[35m (46.8ms)[0m  [1m[35mCREATE TABLE "users" ("id" bigserial primary key, "email" character varying NOT NULL, "password_digest" character varying NOT NULL, "session_token" character varying NOT NULL, "created_at" timestamp(6) NOT NULL, "updated_at" timestamp(6) NOT NULL)[0m
  [1m[35m (1.7ms)[0m  [1m[35mCREATE UNIQUE INDEX  "index_users_on_session_token" ON "users"  ("session_token")[0m
  [1m[35m (1.1ms)[0m  [1m[35mCREATE UNIQUE INDEX  "index_users_on_email" ON "users"  ("email")[0m
  [1m[36mprimary::SchemaMigration Create (0.6ms)[0m  [1m[32mINSERT INTO "schema_migrations" ("version") VALUES ($1) RETURNING "version"[0m  [["version", "20190830170956"]]
  [1m[35m (1.6ms)[0m  [1m[35mCOMMIT[0m
  [1m[36mActiveRecord::InternalMetadata Load (3.7ms)[0m  [1m[34mSELECT "ar_internal_metadata".* FROM "ar_internal_metadata" WHERE "ar_internal_metadata"."key" = $1 LIMIT $2[0m  [["key", "environment"], ["LIMIT", 1]]
  [1m[35m (0.3ms)[0m  [1m[35mBEGIN[0m
  [1m[36mActiveRecord::InternalMetadata Create (1.9ms)[0m  [1m[32mINSERT INTO "ar_internal_metadata" ("key", "value", "created_at", "updated_at") VALUES ($1, $2, $3, $4) RETURNING "key"[0m  [["key", "environment"], ["value", "development"], ["created_at", "2019-08-30 19:32:05.247543"], ["updated_at", "2019-08-30 19:32:05.247543"]]
  [1m[35m (0.4ms)[0m  [1m[35mCOMMIT[0m
  [1m[35m (0.4ms)[0m  [1m[34mSELECT pg_advisory_unlock(4505726345591715405)[0m
  [1m[35m (1.5ms)[0m  [1m[34mSELECT "schema_migrations"."version" FROM "schema_migrations" ORDER BY "schema_migrations"."version" ASC[0m
  [1m[35m (3.3ms)[0m  [1m[34mSELECT "schema_migrations"."version" FROM "schema_migrations" ORDER BY "schema_migrations"."version" ASC[0m
Started GET "/" for ::1 at 2019-08-30 16:18:13 -0700
Started GET "/" for ::1 at 2019-08-30 16:19:00 -0700
  [1m[35m (2.2ms)[0m  [1m[34mSELECT "schema_migrations"."version" FROM "schema_migrations" ORDER BY "schema_migrations"."version" ASC[0m
  [1m[35m (1.7ms)[0m  [1m[34mSELECT "schema_migrations"."version" FROM "schema_migrations" ORDER BY "schema_migrations"."version" ASC[0m
Processing by Rails::WelcomeController#index as */*
Processing by Rails::WelcomeController#index as */*
  Rendering /Users/user/.rbenv/versions/2.5.1/lib/ruby/gems/2.5.0/gems/railties-6.0.0/lib/rails/templates/rails/welcome/index.html.erb
  Rendering /Users/user/.rbenv/versions/2.5.1/lib/ruby/gems/2.5.0/gems/railties-6.0.0/lib/rails/templates/rails/welcome/index.html.erb
  Rendered /Users/user/.rbenv/versions/2.5.1/lib/ruby/gems/2.5.0/gems/railties-6.0.0/lib/rails/templates/rails/welcome/index.html.erb (Duration: 16.7ms | Allocations: 563)
Completed 200 OK in 66ms (Views: 26.6ms | ActiveRecord: 0.0ms | Allocations: 4964)


  Rendered /Users/user/.rbenv/versions/2.5.1/lib/ruby/gems/2.5.0/gems/railties-6.0.0/lib/rails/templates/rails/welcome/index.html.erb (Duration: 25.7ms | Allocations: 720)
Completed 200 OK in 69ms (Views: 34.0ms | ActiveRecord: 0.0ms | Allocations: 3934)


Started GET "/users" for ::1 at 2019-08-30 16:19:07 -0700
  
ActionController::RoutingError (No route matches [GET] "/users"):
  
actionpack (6.0.0) lib/action_dispatch/middleware/debug_exceptions.rb:36:in `call'
web-console (4.0.1) lib/web_console/middleware.rb:132:in `call_app'
web-console (4.0.1) lib/web_console/middleware.rb:28:in `block in call'
web-console (4.0.1) lib/web_console/middleware.rb:17:in `catch'
web-console (4.0.1) lib/web_console/middleware.rb:17:in `call'
actionpack (6.0.0) lib/action_dispatch/middleware/show_exceptions.rb:33:in `call'
railties (6.0.0) lib/rails/rack/logger.rb:38:in `call_app'
railties (6.0.0) lib/rails/rack/logger.rb:26:in `block in call'
activesupport (6.0.0) lib/active_support/tagged_logging.rb:80:in `block in tagged'
activesupport (6.0.0) lib/active_support/tagged_logging.rb:28:in `tagged'
activesupport (6.0.0) lib/active_support/tagged_logging.rb:80:in `tagged'
railties (6.0.0) lib/rails/rack/logger.rb:26:in `call'
sprockets-rails (3.2.1) lib/sprockets/rails/quiet_assets.rb:13:in `call'
actionpack (6.0.0) lib/action_dispatch/middleware/remote_ip.rb:81:in `call'
actionpack (6.0.0) lib/action_dispatch/middleware/request_id.rb:27:in `call'
rack (2.0.7) lib/rack/method_override.rb:22:in `call'
rack (2.0.7) lib/rack/runtime.rb:22:in `call'
activesupport (6.0.0) lib/active_support/cache/strategy/local_cache_middleware.rb:29:in `call'
actionpack (6.0.0) lib/action_dispatch/middleware/executor.rb:14:in `call'
actionpack (6.0.0) lib/action_dispatch/middleware/static.rb:126:in `call'
rack (2.0.7) lib/rack/sendfile.rb:111:in `call'
actionpack (6.0.0) lib/action_dispatch/middleware/host_authorization.rb:83:in `call'
webpacker (4.0.7) lib/webpacker/dev_server_proxy.rb:29:in `perform_request'
rack-proxy (0.6.5) lib/rack/proxy.rb:57:in `call'
railties (6.0.0) lib/rails/engine.rb:526:in `call'
puma (3.12.1) lib/puma/configuration.rb:227:in `call'
puma (3.12.1) lib/puma/server.rb:660:in `handle_request'
puma (3.12.1) lib/puma/server.rb:474:in `process_client'
puma (3.12.1) lib/puma/server.rb:334:in `block in run'
puma (3.12.1) lib/puma/thread_pool.rb:135:in `block in spawn_thread'
Started GET "/user" for ::1 at 2019-08-30 16:19:15 -0700
  
ActionController::RoutingError (No route matches [GET] "/user"):
  
actionpack (6.0.0) lib/action_dispatch/middleware/debug_exceptions.rb:36:in `call'
web-console (4.0.1) lib/web_console/middleware.rb:132:in `call_app'
web-console (4.0.1) lib/web_console/middleware.rb:28:in `block in call'
web-console (4.0.1) lib/web_console/middleware.rb:17:in `catch'
web-console (4.0.1) lib/web_console/middleware.rb:17:in `call'
actionpack (6.0.0) lib/action_dispatch/middleware/show_exceptions.rb:33:in `call'
railties (6.0.0) lib/rails/rack/logger.rb:38:in `call_app'
railties (6.0.0) lib/rails/rack/logger.rb:26:in `block in call'
activesupport (6.0.0) lib/active_support/tagged_logging.rb:80:in `block in tagged'
activesupport (6.0.0) lib/active_support/tagged_logging.rb:28:in `tagged'
activesupport (6.0.0) lib/active_support/tagged_logging.rb:80:in `tagged'
railties (6.0.0) lib/rails/rack/logger.rb:26:in `call'
sprockets-rails (3.2.1) lib/sprockets/rails/quiet_assets.rb:13:in `call'
actionpack (6.0.0) lib/action_dispatch/middleware/remote_ip.rb:81:in `call'
actionpack (6.0.0) lib/action_dispatch/middleware/request_id.rb:27:in `call'
rack (2.0.7) lib/rack/method_override.rb:22:in `call'
rack (2.0.7) lib/rack/runtime.rb:22:in `call'
activesupport (6.0.0) lib/active_support/cache/strategy/local_cache_middleware.rb:29:in `call'
actionpack (6.0.0) lib/action_dispatch/middleware/executor.rb:14:in `call'
actionpack (6.0.0) lib/action_dispatch/middleware/static.rb:126:in `call'
rack (2.0.7) lib/rack/sendfile.rb:111:in `call'
actionpack (6.0.0) lib/action_dispatch/middleware/host_authorization.rb:83:in `call'
webpacker (4.0.7) lib/webpacker/dev_server_proxy.rb:29:in `perform_request'
rack-proxy (0.6.5) lib/rack/proxy.rb:57:in `call'
railties (6.0.0) lib/rails/engine.rb:526:in `call'
puma (3.12.1) lib/puma/configuration.rb:227:in `call'
puma (3.12.1) lib/puma/server.rb:660:in `handle_request'
puma (3.12.1) lib/puma/server.rb:474:in `process_client'
puma (3.12.1) lib/puma/server.rb:334:in `block in run'
puma (3.12.1) lib/puma/thread_pool.rb:135:in `block in spawn_thread'
Started POST "/user" for ::1 at 2019-08-30 16:20:01 -0700
  
ActionController::RoutingError (No route matches [POST] "/user"):
  
actionpack (6.0.0) lib/action_dispatch/middleware/debug_exceptions.rb:36:in `call'
web-console (4.0.1) lib/web_console/middleware.rb:132:in `call_app'
web-console (4.0.1) lib/web_console/middleware.rb:28:in `block in call'
web-console (4.0.1) lib/web_console/middleware.rb:17:in `catch'
web-console (4.0.1) lib/web_console/middleware.rb:17:in `call'
actionpack (6.0.0) lib/action_dispatch/middleware/show_exceptions.rb:33:in `call'
railties (6.0.0) lib/rails/rack/logger.rb:38:in `call_app'
railties (6.0.0) lib/rails/rack/logger.rb:26:in `block in call'
activesupport (6.0.0) lib/active_support/tagged_logging.rb:80:in `block in tagged'
activesupport (6.0.0) lib/active_support/tagged_logging.rb:28:in `tagged'
activesupport (6.0.0) lib/active_support/tagged_logging.rb:80:in `tagged'
railties (6.0.0) lib/rails/rack/logger.rb:26:in `call'
sprockets-rails (3.2.1) lib/sprockets/rails/quiet_assets.rb:13:in `call'
actionpack (6.0.0) lib/action_dispatch/middleware/remote_ip.rb:81:in `call'
actionpack (6.0.0) lib/action_dispatch/middleware/request_id.rb:27:in `call'
rack (2.0.7) lib/rack/method_override.rb:22:in `call'
rack (2.0.7) lib/rack/runtime.rb:22:in `call'
activesupport (6.0.0) lib/active_support/cache/strategy/local_cache_middleware.rb:29:in `call'
actionpack (6.0.0) lib/action_dispatch/middleware/executor.rb:14:in `call'
actionpack (6.0.0) lib/action_dispatch/middleware/static.rb:126:in `call'
rack (2.0.7) lib/rack/sendfile.rb:111:in `call'
actionpack (6.0.0) lib/action_dispatch/middleware/host_authorization.rb:83:in `call'
webpacker (4.0.7) lib/webpacker/dev_server_proxy.rb:29:in `perform_request'
rack-proxy (0.6.5) lib/rack/proxy.rb:57:in `call'
railties (6.0.0) lib/rails/engine.rb:526:in `call'
puma (3.12.1) lib/puma/configuration.rb:227:in `call'
puma (3.12.1) lib/puma/server.rb:660:in `handle_request'
puma (3.12.1) lib/puma/server.rb:474:in `process_client'
puma (3.12.1) lib/puma/server.rb:334:in `block in run'
puma (3.12.1) lib/puma/thread_pool.rb:135:in `block in spawn_thread'
Started POST "/users/1" for ::1 at 2019-08-30 16:20:58 -0700
  
ActionController::RoutingError (No route matches [POST] "/users/1"):
  
actionpack (6.0.0) lib/action_dispatch/middleware/debug_exceptions.rb:36:in `call'
web-console (4.0.1) lib/web_console/middleware.rb:132:in `call_app'
web-console (4.0.1) lib/web_console/middleware.rb:28:in `block in call'
web-console (4.0.1) lib/web_console/middleware.rb:17:in `catch'
web-console (4.0.1) lib/web_console/middleware.rb:17:in `call'
actionpack (6.0.0) lib/action_dispatch/middleware/show_exceptions.rb:33:in `call'
railties (6.0.0) lib/rails/rack/logger.rb:38:in `call_app'
railties (6.0.0) lib/rails/rack/logger.rb:26:in `block in call'
activesupport (6.0.0) lib/active_support/tagged_logging.rb:80:in `block in tagged'
activesupport (6.0.0) lib/active_support/tagged_logging.rb:28:in `tagged'
activesupport (6.0.0) lib/active_support/tagged_logging.rb:80:in `tagged'
railties (6.0.0) lib/rails/rack/logger.rb:26:in `call'
sprockets-rails (3.2.1) lib/sprockets/rails/quiet_assets.rb:13:in `call'
actionpack (6.0.0) lib/action_dispatch/middleware/remote_ip.rb:81:in `call'
actionpack (6.0.0) lib/action_dispatch/middleware/request_id.rb:27:in `call'
rack (2.0.7) lib/rack/method_override.rb:22:in `call'
rack (2.0.7) lib/rack/runtime.rb:22:in `call'
activesupport (6.0.0) lib/active_support/cache/strategy/local_cache_middleware.rb:29:in `call'
actionpack (6.0.0) lib/action_dispatch/middleware/executor.rb:14:in `call'
actionpack (6.0.0) lib/action_dispatch/middleware/static.rb:126:in `call'
rack (2.0.7) lib/rack/sendfile.rb:111:in `call'
actionpack (6.0.0) lib/action_dispatch/middleware/host_authorization.rb:83:in `call'
webpacker (4.0.7) lib/webpacker/dev_server_proxy.rb:29:in `perform_request'
rack-proxy (0.6.5) lib/rack/proxy.rb:57:in `call'
railties (6.0.0) lib/rails/engine.rb:526:in `call'
puma (3.12.1) lib/puma/configuration.rb:227:in `call'
puma (3.12.1) lib/puma/server.rb:660:in `handle_request'
puma (3.12.1) lib/puma/server.rb:474:in `process_client'
puma (3.12.1) lib/puma/server.rb:334:in `block in run'
puma (3.12.1) lib/puma/thread_pool.rb:135:in `block in spawn_thread'
Started POST "/sessions" for ::1 at 2019-08-30 16:21:13 -0700
  
ActionController::RoutingError (No route matches [POST] "/sessions"):
  
actionpack (6.0.0) lib/action_dispatch/middleware/debug_exceptions.rb:36:in `call'
web-console (4.0.1) lib/web_console/middleware.rb:132:in `call_app'
web-console (4.0.1) lib/web_console/middleware.rb:28:in `block in call'
web-console (4.0.1) lib/web_console/middleware.rb:17:in `catch'
web-console (4.0.1) lib/web_console/middleware.rb:17:in `call'
actionpack (6.0.0) lib/action_dispatch/middleware/show_exceptions.rb:33:in `call'
railties (6.0.0) lib/rails/rack/logger.rb:38:in `call_app'
railties (6.0.0) lib/rails/rack/logger.rb:26:in `block in call'
activesupport (6.0.0) lib/active_support/tagged_logging.rb:80:in `block in tagged'
activesupport (6.0.0) lib/active_support/tagged_logging.rb:28:in `tagged'
activesupport (6.0.0) lib/active_support/tagged_logging.rb:80:in `tagged'
railties (6.0.0) lib/rails/rack/logger.rb:26:in `call'
sprockets-rails (3.2.1) lib/sprockets/rails/quiet_assets.rb:13:in `call'
actionpack (6.0.0) lib/action_dispatch/middleware/remote_ip.rb:81:in `call'
actionpack (6.0.0) lib/action_dispatch/middleware/request_id.rb:27:in `call'
rack (2.0.7) lib/rack/method_override.rb:22:in `call'
rack (2.0.7) lib/rack/runtime.rb:22:in `call'
activesupport (6.0.0) lib/active_support/cache/strategy/local_cache_middleware.rb:29:in `call'
actionpack (6.0.0) lib/action_dispatch/middleware/executor.rb:14:in `call'
actionpack (6.0.0) lib/action_dispatch/middleware/static.rb:126:in `call'
rack (2.0.7) lib/rack/sendfile.rb:111:in `call'
actionpack (6.0.0) lib/action_dispatch/middleware/host_authorization.rb:83:in `call'
webpacker (4.0.7) lib/webpacker/dev_server_proxy.rb:29:in `perform_request'
rack-proxy (0.6.5) lib/rack/proxy.rb:57:in `call'
railties (6.0.0) lib/rails/engine.rb:526:in `call'
puma (3.12.1) lib/puma/configuration.rb:227:in `call'
puma (3.12.1) lib/puma/server.rb:660:in `handle_request'
puma (3.12.1) lib/puma/server.rb:474:in `process_client'
puma (3.12.1) lib/puma/server.rb:334:in `block in run'
puma (3.12.1) lib/puma/thread_pool.rb:135:in `block in spawn_thread'
Started GET "/" for ::1 at 2019-08-30 22:15:02 -0700
Started POST "/" for ::1 at 2019-08-30 22:15:43 -0700
Started GET "/" for ::1 at 2019-08-30 22:15:44 -0700
  
ActionController::RoutingError (No route matches [POST] "/"):
  
actionpack (6.0.0) lib/action_dispatch/middleware/debug_exceptions.rb:36:in `call'
web-console (4.0.1) lib/web_console/middleware.rb:132:in `call_app'
web-console (4.0.1) lib/web_console/middleware.rb:28:in `block in call'
web-console (4.0.1) lib/web_console/middleware.rb:17:in `catch'
web-console (4.0.1) lib/web_console/middleware.rb:17:in `call'
actionpack (6.0.0) lib/action_dispatch/middleware/show_exceptions.rb:33:in `call'
railties (6.0.0) lib/rails/rack/logger.rb:38:in `call_app'
railties (6.0.0) lib/rails/rack/logger.rb:26:in `block in call'
activesupport (6.0.0) lib/active_support/tagged_logging.rb:80:in `block in tagged'
activesupport (6.0.0) lib/active_support/tagged_logging.rb:28:in `tagged'
activesupport (6.0.0) lib/active_support/tagged_logging.rb:80:in `tagged'
railties (6.0.0) lib/rails/rack/logger.rb:26:in `call'
sprockets-rails (3.2.1) lib/sprockets/rails/quiet_assets.rb:13:in `call'
actionpack (6.0.0) lib/action_dispatch/middleware/remote_ip.rb:81:in `call'
actionpack (6.0.0) lib/action_dispatch/middleware/request_id.rb:27:in `call'
rack (2.0.7) lib/rack/method_override.rb:22:in `call'
rack (2.0.7) lib/rack/runtime.rb:22:in `call'
activesupport (6.0.0) lib/active_support/cache/strategy/local_cache_middleware.rb:29:in `call'
actionpack (6.0.0) lib/action_dispatch/middleware/executor.rb:14:in `call'
actionpack (6.0.0) lib/action_dispatch/middleware/static.rb:126:in `call'
rack (2.0.7) lib/rack/sendfile.rb:111:in `call'
actionpack (6.0.0) lib/action_dispatch/middleware/host_authorization.rb:83:in `call'
webpacker (4.0.7) lib/webpacker/dev_server_proxy.rb:29:in `perform_request'
rack-proxy (0.6.5) lib/rack/proxy.rb:57:in `call'
railties (6.0.0) lib/rails/engine.rb:526:in `call'
puma (3.12.1) lib/puma/configuration.rb:227:in `call'
puma (3.12.1) lib/puma/server.rb:660:in `handle_request'
puma (3.12.1) lib/puma/server.rb:474:in `process_client'
puma (3.12.1) lib/puma/server.rb:334:in `block in run'
puma (3.12.1) lib/puma/thread_pool.rb:135:in `block in spawn_thread'
Processing by Rails::WelcomeController#index as HTML
  Rendering /Users/user/.rbenv/versions/2.5.1/lib/ruby/gems/2.5.0/gems/railties-6.0.0/lib/rails/templates/rails/welcome/index.html.erb
  Rendered /Users/user/.rbenv/versions/2.5.1/lib/ruby/gems/2.5.0/gems/railties-6.0.0/lib/rails/templates/rails/welcome/index.html.erb (Duration: 9.4ms | Allocations: 558)
Completed 200 OK in 19ms (Views: 12.9ms | ActiveRecord: 0.0ms | Allocations: 1409)


Started GET "/" for ::1 at 2019-09-01 22:21:41 -0700
  [1m[35m (4.3ms)[0m  [1m[34mSELECT "schema_migrations"."version" FROM "schema_migrations" ORDER BY "schema_migrations"."version" ASC[0m
Processing by Rails::WelcomeController#index as HTML
  Rendering /Users/user/.rbenv/versions/2.5.1/lib/ruby/gems/2.5.0/gems/railties-6.0.0/lib/rails/templates/rails/welcome/index.html.erb
  Rendered /Users/user/.rbenv/versions/2.5.1/lib/ruby/gems/2.5.0/gems/railties-6.0.0/lib/rails/templates/rails/welcome/index.html.erb (Duration: 16.0ms | Allocations: 486)
Completed 200 OK in 38ms (Views: 21.4ms | ActiveRecord: 0.0ms | Allocations: 2766)


Started GET "/new" for ::1 at 2019-09-01 22:21:52 -0700
  
ActionController::RoutingError (No route matches [GET] "/new"):
  
actionpack (6.0.0) lib/action_dispatch/middleware/debug_exceptions.rb:36:in `call'
web-console (4.0.1) lib/web_console/middleware.rb:132:in `call_app'
web-console (4.0.1) lib/web_console/middleware.rb:28:in `block in call'
web-console (4.0.1) lib/web_console/middleware.rb:17:in `catch'
web-console (4.0.1) lib/web_console/middleware.rb:17:in `call'
actionpack (6.0.0) lib/action_dispatch/middleware/show_exceptions.rb:33:in `call'
railties (6.0.0) lib/rails/rack/logger.rb:38:in `call_app'
railties (6.0.0) lib/rails/rack/logger.rb:26:in `block in call'
activesupport (6.0.0) lib/active_support/tagged_logging.rb:80:in `block in tagged'
activesupport (6.0.0) lib/active_support/tagged_logging.rb:28:in `tagged'
activesupport (6.0.0) lib/active_support/tagged_logging.rb:80:in `tagged'
railties (6.0.0) lib/rails/rack/logger.rb:26:in `call'
sprockets-rails (3.2.1) lib/sprockets/rails/quiet_assets.rb:13:in `call'
actionpack (6.0.0) lib/action_dispatch/middleware/remote_ip.rb:81:in `call'
actionpack (6.0.0) lib/action_dispatch/middleware/request_id.rb:27:in `call'
rack (2.0.7) lib/rack/method_override.rb:22:in `call'
rack (2.0.7) lib/rack/runtime.rb:22:in `call'
activesupport (6.0.0) lib/active_support/cache/strategy/local_cache_middleware.rb:29:in `call'
actionpack (6.0.0) lib/action_dispatch/middleware/executor.rb:14:in `call'
actionpack (6.0.0) lib/action_dispatch/middleware/static.rb:126:in `call'
rack (2.0.7) lib/rack/sendfile.rb:111:in `call'
actionpack (6.0.0) lib/action_dispatch/middleware/host_authorization.rb:83:in `call'
webpacker (4.0.7) lib/webpacker/dev_server_proxy.rb:29:in `perform_request'
rack-proxy (0.6.5) lib/rack/proxy.rb:57:in `call'
railties (6.0.0) lib/rails/engine.rb:526:in `call'
puma (3.12.1) lib/puma/configuration.rb:227:in `call'
puma (3.12.1) lib/puma/server.rb:660:in `handle_request'
puma (3.12.1) lib/puma/server.rb:474:in `process_client'
puma (3.12.1) lib/puma/server.rb:334:in `block in run'
puma (3.12.1) lib/puma/thread_pool.rb:135:in `block in spawn_thread'
Started GET "/users" for ::1 at 2019-09-01 22:22:05 -0700
  
ActionController::RoutingError (No route matches [GET] "/users"):
  
actionpack (6.0.0) lib/action_dispatch/middleware/debug_exceptions.rb:36:in `call'
web-console (4.0.1) lib/web_console/middleware.rb:132:in `call_app'
web-console (4.0.1) lib/web_console/middleware.rb:28:in `block in call'
web-console (4.0.1) lib/web_console/middleware.rb:17:in `catch'
web-console (4.0.1) lib/web_console/middleware.rb:17:in `call'
actionpack (6.0.0) lib/action_dispatch/middleware/show_exceptions.rb:33:in `call'
railties (6.0.0) lib/rails/rack/logger.rb:38:in `call_app'
railties (6.0.0) lib/rails/rack/logger.rb:26:in `block in call'
activesupport (6.0.0) lib/active_support/tagged_logging.rb:80:in `block in tagged'
activesupport (6.0.0) lib/active_support/tagged_logging.rb:28:in `tagged'
activesupport (6.0.0) lib/active_support/tagged_logging.rb:80:in `tagged'
railties (6.0.0) lib/rails/rack/logger.rb:26:in `call'
sprockets-rails (3.2.1) lib/sprockets/rails/quiet_assets.rb:13:in `call'
actionpack (6.0.0) lib/action_dispatch/middleware/remote_ip.rb:81:in `call'
actionpack (6.0.0) lib/action_dispatch/middleware/request_id.rb:27:in `call'
rack (2.0.7) lib/rack/method_override.rb:22:in `call'
rack (2.0.7) lib/rack/runtime.rb:22:in `call'
activesupport (6.0.0) lib/active_support/cache/strategy/local_cache_middleware.rb:29:in `call'
actionpack (6.0.0) lib/action_dispatch/middleware/executor.rb:14:in `call'
actionpack (6.0.0) lib/action_dispatch/middleware/static.rb:126:in `call'
rack (2.0.7) lib/rack/sendfile.rb:111:in `call'
actionpack (6.0.0) lib/action_dispatch/middleware/host_authorization.rb:83:in `call'
webpacker (4.0.7) lib/webpacker/dev_server_proxy.rb:29:in `perform_request'
rack-proxy (0.6.5) lib/rack/proxy.rb:57:in `call'
railties (6.0.0) lib/rails/engine.rb:526:in `call'
puma (3.12.1) lib/puma/configuration.rb:227:in `call'
puma (3.12.1) lib/puma/server.rb:660:in `handle_request'
puma (3.12.1) lib/puma/server.rb:474:in `process_client'
puma (3.12.1) lib/puma/server.rb:334:in `block in run'
puma (3.12.1) lib/puma/thread_pool.rb:135:in `block in spawn_thread'
Started GET "/" for ::1 at 2019-09-01 22:22:35 -0700
Processing by Rails::WelcomeController#index as */*
  Rendering /Users/user/.rbenv/versions/2.5.1/lib/ruby/gems/2.5.0/gems/railties-6.0.0/lib/rails/templates/rails/welcome/index.html.erb
  Rendered /Users/user/.rbenv/versions/2.5.1/lib/ruby/gems/2.5.0/gems/railties-6.0.0/lib/rails/templates/rails/welcome/index.html.erb (Duration: 11.6ms | Allocations: 195)
Completed 200 OK in 15ms (Views: 13.2ms | ActiveRecord: 0.0ms | Allocations: 968)


Started GET "/users" for ::1 at 2019-09-01 22:22:55 -0700
  
ActionController::RoutingError (No route matches [GET] "/users"):
  
actionpack (6.0.0) lib/action_dispatch/middleware/debug_exceptions.rb:36:in `call'
web-console (4.0.1) lib/web_console/middleware.rb:132:in `call_app'
web-console (4.0.1) lib/web_console/middleware.rb:28:in `block in call'
web-console (4.0.1) lib/web_console/middleware.rb:17:in `catch'
web-console (4.0.1) lib/web_console/middleware.rb:17:in `call'
actionpack (6.0.0) lib/action_dispatch/middleware/show_exceptions.rb:33:in `call'
railties (6.0.0) lib/rails/rack/logger.rb:38:in `call_app'
railties (6.0.0) lib/rails/rack/logger.rb:26:in `block in call'
activesupport (6.0.0) lib/active_support/tagged_logging.rb:80:in `block in tagged'
activesupport (6.0.0) lib/active_support/tagged_logging.rb:28:in `tagged'
activesupport (6.0.0) lib/active_support/tagged_logging.rb:80:in `tagged'
railties (6.0.0) lib/rails/rack/logger.rb:26:in `call'
sprockets-rails (3.2.1) lib/sprockets/rails/quiet_assets.rb:13:in `call'
actionpack (6.0.0) lib/action_dispatch/middleware/remote_ip.rb:81:in `call'
actionpack (6.0.0) lib/action_dispatch/middleware/request_id.rb:27:in `call'
rack (2.0.7) lib/rack/method_override.rb:22:in `call'
rack (2.0.7) lib/rack/runtime.rb:22:in `call'
activesupport (6.0.0) lib/active_support/cache/strategy/local_cache_middleware.rb:29:in `call'
actionpack (6.0.0) lib/action_dispatch/middleware/executor.rb:14:in `call'
actionpack (6.0.0) lib/action_dispatch/middleware/static.rb:126:in `call'
rack (2.0.7) lib/rack/sendfile.rb:111:in `call'
actionpack (6.0.0) lib/action_dispatch/middleware/host_authorization.rb:83:in `call'
webpacker (4.0.7) lib/webpacker/dev_server_proxy.rb:29:in `perform_request'
rack-proxy (0.6.5) lib/rack/proxy.rb:57:in `call'
railties (6.0.0) lib/rails/engine.rb:526:in `call'
puma (3.12.1) lib/puma/configuration.rb:227:in `call'
puma (3.12.1) lib/puma/server.rb:660:in `handle_request'
puma (3.12.1) lib/puma/server.rb:474:in `process_client'
puma (3.12.1) lib/puma/server.rb:334:in `block in run'
puma (3.12.1) lib/puma/thread_pool.rb:135:in `block in spawn_thread'
Started GET "/sessions" for ::1 at 2019-09-01 22:23:11 -0700
  
ActionController::RoutingError (No route matches [GET] "/sessions"):
  
actionpack (6.0.0) lib/action_dispatch/middleware/debug_exceptions.rb:36:in `call'
web-console (4.0.1) lib/web_console/middleware.rb:132:in `call_app'
web-console (4.0.1) lib/web_console/middleware.rb:28:in `block in call'
web-console (4.0.1) lib/web_console/middleware.rb:17:in `catch'
web-console (4.0.1) lib/web_console/middleware.rb:17:in `call'
actionpack (6.0.0) lib/action_dispatch/middleware/show_exceptions.rb:33:in `call'
railties (6.0.0) lib/rails/rack/logger.rb:38:in `call_app'
railties (6.0.0) lib/rails/rack/logger.rb:26:in `block in call'
activesupport (6.0.0) lib/active_support/tagged_logging.rb:80:in `block in tagged'
activesupport (6.0.0) lib/active_support/tagged_logging.rb:28:in `tagged'
activesupport (6.0.0) lib/active_support/tagged_logging.rb:80:in `tagged'
railties (6.0.0) lib/rails/rack/logger.rb:26:in `call'
sprockets-rails (3.2.1) lib/sprockets/rails/quiet_assets.rb:13:in `call'
actionpack (6.0.0) lib/action_dispatch/middleware/remote_ip.rb:81:in `call'
actionpack (6.0.0) lib/action_dispatch/middleware/request_id.rb:27:in `call'
rack (2.0.7) lib/rack/method_override.rb:22:in `call'
rack (2.0.7) lib/rack/runtime.rb:22:in `call'
activesupport (6.0.0) lib/active_support/cache/strategy/local_cache_middleware.rb:29:in `call'
actionpack (6.0.0) lib/action_dispatch/middleware/executor.rb:14:in `call'
actionpack (6.0.0) lib/action_dispatch/middleware/static.rb:126:in `call'
rack (2.0.7) lib/rack/sendfile.rb:111:in `call'
actionpack (6.0.0) lib/action_dispatch/middleware/host_authorization.rb:83:in `call'
webpacker (4.0.7) lib/webpacker/dev_server_proxy.rb:29:in `perform_request'
rack-proxy (0.6.5) lib/rack/proxy.rb:57:in `call'
railties (6.0.0) lib/rails/engine.rb:526:in `call'
puma (3.12.1) lib/puma/configuration.rb:227:in `call'
puma (3.12.1) lib/puma/server.rb:660:in `handle_request'
puma (3.12.1) lib/puma/server.rb:474:in `process_client'
puma (3.12.1) lib/puma/server.rb:334:in `block in run'
puma (3.12.1) lib/puma/thread_pool.rb:135:in `block in spawn_thread'
Started GET "/users/new" for ::1 at 2019-09-01 22:24:18 -0700
  
SyntaxError (/Users/user/Desktop/W9D5/music_app/app/controllers/users_controller.rb:9: syntax error, unexpected '=', expecting keyword_end
...           flash.now(:errors) = @user.errors.full_messages
...                              ^):
  
app/controllers/users_controller.rb:9: syntax error, unexpected '=', expecting keyword_end
app/controllers/users_controller.rb:9: syntax error, unexpected '=', expecting keyword_end
app/controllers/users_controller.rb:9: syntax error, unexpected '=', expecting keyword_end
Started GET "/users" for ::1 at 2019-09-01 22:26:00 -0700
  
ActionController::RoutingError (No route matches [GET] "/users"):
  
actionpack (6.0.0) lib/action_dispatch/middleware/debug_exceptions.rb:36:in `call'
web-console (4.0.1) lib/web_console/middleware.rb:132:in `call_app'
web-console (4.0.1) lib/web_console/middleware.rb:28:in `block in call'
web-console (4.0.1) lib/web_console/middleware.rb:17:in `catch'
web-console (4.0.1) lib/web_console/middleware.rb:17:in `call'
actionpack (6.0.0) lib/action_dispatch/middleware/show_exceptions.rb:33:in `call'
railties (6.0.0) lib/rails/rack/logger.rb:38:in `call_app'
railties (6.0.0) lib/rails/rack/logger.rb:26:in `block in call'
activesupport (6.0.0) lib/active_support/tagged_logging.rb:80:in `block in tagged'
activesupport (6.0.0) lib/active_support/tagged_logging.rb:28:in `tagged'
activesupport (6.0.0) lib/active_support/tagged_logging.rb:80:in `tagged'
railties (6.0.0) lib/rails/rack/logger.rb:26:in `call'
sprockets-rails (3.2.1) lib/sprockets/rails/quiet_assets.rb:13:in `call'
actionpack (6.0.0) lib/action_dispatch/middleware/remote_ip.rb:81:in `call'
actionpack (6.0.0) lib/action_dispatch/middleware/request_id.rb:27:in `call'
rack (2.0.7) lib/rack/method_override.rb:22:in `call'
rack (2.0.7) lib/rack/runtime.rb:22:in `call'
activesupport (6.0.0) lib/active_support/cache/strategy/local_cache_middleware.rb:29:in `call'
actionpack (6.0.0) lib/action_dispatch/middleware/executor.rb:14:in `call'
actionpack (6.0.0) lib/action_dispatch/middleware/static.rb:126:in `call'
rack (2.0.7) lib/rack/sendfile.rb:111:in `call'
actionpack (6.0.0) lib/action_dispatch/middleware/host_authorization.rb:83:in `call'
webpacker (4.0.7) lib/webpacker/dev_server_proxy.rb:29:in `perform_request'
rack-proxy (0.6.5) lib/rack/proxy.rb:57:in `call'
railties (6.0.0) lib/rails/engine.rb:526:in `call'
puma (3.12.1) lib/puma/configuration.rb:227:in `call'
puma (3.12.1) lib/puma/server.rb:660:in `handle_request'
puma (3.12.1) lib/puma/server.rb:474:in `process_client'
puma (3.12.1) lib/puma/server.rb:334:in `block in run'
puma (3.12.1) lib/puma/thread_pool.rb:135:in `block in spawn_thread'
Started GET "/users" for ::1 at 2019-09-01 23:01:43 -0700
  
ActionController::RoutingError (No route matches [GET] "/users"):
  
actionpack (6.0.0) lib/action_dispatch/middleware/debug_exceptions.rb:36:in `call'
web-console (4.0.1) lib/web_console/middleware.rb:132:in `call_app'
web-console (4.0.1) lib/web_console/middleware.rb:28:in `block in call'
web-console (4.0.1) lib/web_console/middleware.rb:17:in `catch'
web-console (4.0.1) lib/web_console/middleware.rb:17:in `call'
actionpack (6.0.0) lib/action_dispatch/middleware/show_exceptions.rb:33:in `call'
railties (6.0.0) lib/rails/rack/logger.rb:38:in `call_app'
railties (6.0.0) lib/rails/rack/logger.rb:26:in `block in call'
activesupport (6.0.0) lib/active_support/tagged_logging.rb:80:in `block in tagged'
activesupport (6.0.0) lib/active_support/tagged_logging.rb:28:in `tagged'
activesupport (6.0.0) lib/active_support/tagged_logging.rb:80:in `tagged'
railties (6.0.0) lib/rails/rack/logger.rb:26:in `call'
sprockets-rails (3.2.1) lib/sprockets/rails/quiet_assets.rb:13:in `call'
actionpack (6.0.0) lib/action_dispatch/middleware/remote_ip.rb:81:in `call'
actionpack (6.0.0) lib/action_dispatch/middleware/request_id.rb:27:in `call'
rack (2.0.7) lib/rack/method_override.rb:22:in `call'
rack (2.0.7) lib/rack/runtime.rb:22:in `call'
activesupport (6.0.0) lib/active_support/cache/strategy/local_cache_middleware.rb:29:in `call'
actionpack (6.0.0) lib/action_dispatch/middleware/executor.rb:14:in `call'
actionpack (6.0.0) lib/action_dispatch/middleware/static.rb:126:in `call'
rack (2.0.7) lib/rack/sendfile.rb:111:in `call'
actionpack (6.0.0) lib/action_dispatch/middleware/host_authorization.rb:83:in `call'
webpacker (4.0.7) lib/webpacker/dev_server_proxy.rb:29:in `perform_request'
rack-proxy (0.6.5) lib/rack/proxy.rb:57:in `call'
railties (6.0.0) lib/rails/engine.rb:526:in `call'
puma (3.12.1) lib/puma/configuration.rb:227:in `call'
puma (3.12.1) lib/puma/server.rb:660:in `handle_request'
puma (3.12.1) lib/puma/server.rb:474:in `process_client'
puma (3.12.1) lib/puma/server.rb:334:in `block in run'
puma (3.12.1) lib/puma/thread_pool.rb:135:in `block in spawn_thread'
Started GET "/rails" for ::1 at 2019-09-01 23:02:20 -0700
  
ActionController::RoutingError (No route matches [GET] "/rails"):
  
actionpack (6.0.0) lib/action_dispatch/middleware/debug_exceptions.rb:36:in `call'
web-console (4.0.1) lib/web_console/middleware.rb:132:in `call_app'
web-console (4.0.1) lib/web_console/middleware.rb:28:in `block in call'
web-console (4.0.1) lib/web_console/middleware.rb:17:in `catch'
web-console (4.0.1) lib/web_console/middleware.rb:17:in `call'
actionpack (6.0.0) lib/action_dispatch/middleware/show_exceptions.rb:33:in `call'
railties (6.0.0) lib/rails/rack/logger.rb:38:in `call_app'
railties (6.0.0) lib/rails/rack/logger.rb:26:in `block in call'
activesupport (6.0.0) lib/active_support/tagged_logging.rb:80:in `block in tagged'
activesupport (6.0.0) lib/active_support/tagged_logging.rb:28:in `tagged'
activesupport (6.0.0) lib/active_support/tagged_logging.rb:80:in `tagged'
railties (6.0.0) lib/rails/rack/logger.rb:26:in `call'
sprockets-rails (3.2.1) lib/sprockets/rails/quiet_assets.rb:13:in `call'
actionpack (6.0.0) lib/action_dispatch/middleware/remote_ip.rb:81:in `call'
actionpack (6.0.0) lib/action_dispatch/middleware/request_id.rb:27:in `call'
rack (2.0.7) lib/rack/method_override.rb:22:in `call'
rack (2.0.7) lib/rack/runtime.rb:22:in `call'
activesupport (6.0.0) lib/active_support/cache/strategy/local_cache_middleware.rb:29:in `call'
actionpack (6.0.0) lib/action_dispatch/middleware/executor.rb:14:in `call'
actionpack (6.0.0) lib/action_dispatch/middleware/static.rb:126:in `call'
rack (2.0.7) lib/rack/sendfile.rb:111:in `call'
actionpack (6.0.0) lib/action_dispatch/middleware/host_authorization.rb:83:in `call'
webpacker (4.0.7) lib/webpacker/dev_server_proxy.rb:29:in `perform_request'
rack-proxy (0.6.5) lib/rack/proxy.rb:57:in `call'
railties (6.0.0) lib/rails/engine.rb:526:in `call'
puma (3.12.1) lib/puma/configuration.rb:227:in `call'
puma (3.12.1) lib/puma/server.rb:660:in `handle_request'
puma (3.12.1) lib/puma/server.rb:474:in `process_client'
puma (3.12.1) lib/puma/server.rb:334:in `block in run'
puma (3.12.1) lib/puma/thread_pool.rb:135:in `block in spawn_thread'
  [1m[35m (1.8ms)[0m  [1m[34mSELECT pg_try_advisory_lock(4505726345591715405)[0m
  [1m[35m (41.5ms)[0m  [1m[34mSELECT "schema_migrations"."version" FROM "schema_migrations" ORDER BY "schema_migrations"."version" ASC[0m
Migrating to CreateBands (20190902062451)
  [1m[35m (40.7ms)[0m  [1m[35mBEGIN[0m
  [1m[35m (45.7ms)[0m  [1m[35mCREATE TABLE "bands" ("id" bigserial primary key, "name" character varying NOT NULL, "created_at" timestamp(6) NOT NULL, "updated_at" timestamp(6) NOT NULL)[0m
  [1m[35m (3.0ms)[0m  [1m[35mCREATE UNIQUE INDEX  "index_bands_on_name" ON "bands"  ("name")[0m
  [1m[36mprimary::SchemaMigration Create (3.0ms)[0m  [1m[32mINSERT INTO "schema_migrations" ("version") VALUES ($1) RETURNING "version"[0m  [["version", "20190902062451"]]
  [1m[35m (0.8ms)[0m  [1m[35mCOMMIT[0m
  [1m[36mActiveRecord::InternalMetadata Load (4.1ms)[0m  [1m[34mSELECT "ar_internal_metadata".* FROM "ar_internal_metadata" WHERE "ar_internal_metadata"."key" = $1 LIMIT $2[0m  [["key", "environment"], ["LIMIT", 1]]
  [1m[35m (0.9ms)[0m  [1m[34mSELECT pg_advisory_unlock(4505726345591715405)[0m
  [1m[35m (1.6ms)[0m  [1m[34mSELECT "schema_migrations"."version" FROM "schema_migrations" ORDER BY "schema_migrations"."version" ASC[0m
  [1m[35m (0.9ms)[0m  [1m[34mSELECT "schema_migrations"."version" FROM "schema_migrations" ORDER BY "schema_migrations"."version" ASC[0m
  [1m[35m (0.2ms)[0m  [1m[34mSELECT pg_try_advisory_lock(4505726345591715405)[0m
  [1m[35m (41.9ms)[0m  [1m[34mSELECT "schema_migrations"."version" FROM "schema_migrations" ORDER BY "schema_migrations"."version" ASC[0m
Migrating to CreateAlbums (20190902073439)
  [1m[35m (0.2ms)[0m  [1m[35mBEGIN[0m
  [1m[35m (52.7ms)[0m  [1m[35mCREATE TABLE "albums" ("id" bigserial primary key, "name" character varying NOT NULL, "band_id" integer NOT NULL, "year" integer NOT NULL, "live" boolean DEFAULT FALSE NOT NULL, "created_at" timestamp(6) NOT NULL, "updated_at" timestamp(6) NOT NULL)[0m
  [1m[35m (1.4ms)[0m  [1m[35mCREATE UNIQUE INDEX  "index_albums_on_band_id_and_name" ON "albums"  ("band_id", "name")[0m
  [1m[36mprimary::SchemaMigration Create (0.6ms)[0m  [1m[32mINSERT INTO "schema_migrations" ("version") VALUES ($1) RETURNING "version"[0m  [["version", "20190902073439"]]
  [1m[35m (0.7ms)[0m  [1m[35mCOMMIT[0m
  [1m[36mActiveRecord::InternalMetadata Load (1.4ms)[0m  [1m[34mSELECT "ar_internal_metadata".* FROM "ar_internal_metadata" WHERE "ar_internal_metadata"."key" = $1 LIMIT $2[0m  [["key", "environment"], ["LIMIT", 1]]
  [1m[35m (0.3ms)[0m  [1m[34mSELECT pg_advisory_unlock(4505726345591715405)[0m
  [1m[35m (1.1ms)[0m  [1m[34mSELECT "schema_migrations"."version" FROM "schema_migrations" ORDER BY "schema_migrations"."version" ASC[0m
  [1m[35m (0.2ms)[0m  [1m[34mSELECT pg_try_advisory_lock(4505726345591715405)[0m
  [1m[35m (0.9ms)[0m  [1m[34mSELECT "schema_migrations"."version" FROM "schema_migrations" ORDER BY "schema_migrations"."version" ASC[0m
Migrating to CreateTracks (20190902074806)
  [1m[35m (0.2ms)[0m  [1m[35mBEGIN[0m
  [1m[35m (52.9ms)[0m  [1m[35mCREATE TABLE "tracks" ("id" bigserial primary key, "name" character varying NOT NULL, "album_id" integer NOT NULL, "ord" integer NOT NULL, "bonus" boolean DEFAULT FALSE NOT NULL, "lyrics" text NOT NULL, "created_at" timestamp(6) NOT NULL, "updated_at" timestamp(6) NOT NULL)[0m
  [1m[35m (1.4ms)[0m  [1m[35mCREATE UNIQUE INDEX  "index_tracks_on_album_id_and_ord" ON "tracks"  ("album_id", "ord")[0m
  [1m[36mprimary::SchemaMigration Create (0.7ms)[0m  [1m[32mINSERT INTO "schema_migrations" ("version") VALUES ($1) RETURNING "version"[0m  [["version", "20190902074806"]]
  [1m[35m (0.7ms)[0m  [1m[35mCOMMIT[0m
  [1m[36mActiveRecord::InternalMetadata Load (0.4ms)[0m  [1m[34mSELECT "ar_internal_metadata".* FROM "ar_internal_metadata" WHERE "ar_internal_metadata"."key" = $1 LIMIT $2[0m  [["key", "environment"], ["LIMIT", 1]]
  [1m[35m (0.3ms)[0m  [1m[34mSELECT pg_advisory_unlock(4505726345591715405)[0m
  [1m[35m (2.1ms)[0m  [1m[34mSELECT "schema_migrations"."version" FROM "schema_migrations" ORDER BY "schema_migrations"."version" ASC[0m
  [1m[35m (0.9ms)[0m  [1m[34mSELECT "schema_migrations"."version" FROM "schema_migrations" ORDER BY "schema_migrations"."version" ASC[0m
  [1m[35m (0.9ms)[0m  [1m[34mSELECT "schema_migrations"."version" FROM "schema_migrations" ORDER BY "schema_migrations"."version" ASC[0m
  [1m[35m (0.9ms)[0m  [1m[34mSELECT "schema_migrations"."version" FROM "schema_migrations" ORDER BY "schema_migrations"."version" ASC[0m
  [1m[35m (1.2ms)[0m  [1m[34mSELECT "schema_migrations"."version" FROM "schema_migrations" ORDER BY "schema_migrations"."version" ASC[0m
Started GET "/" for ::1 at 2019-09-02 01:18:30 -0700
  [1m[35m (1.6ms)[0m  [1m[34mSELECT "schema_migrations"."version" FROM "schema_migrations" ORDER BY "schema_migrations"."version" ASC[0m
Processing by Rails::WelcomeController#index as HTML
  Rendering /Users/user/.rbenv/versions/2.5.1/lib/ruby/gems/2.5.0/gems/railties-6.0.0/lib/rails/templates/rails/welcome/index.html.erb
  Rendered /Users/user/.rbenv/versions/2.5.1/lib/ruby/gems/2.5.0/gems/railties-6.0.0/lib/rails/templates/rails/welcome/index.html.erb (Duration: 11.5ms | Allocations: 486)
Completed 200 OK in 30ms (Views: 17.2ms | ActiveRecord: 0.0ms | Allocations: 2723)


Started GET "/new" for ::1 at 2019-09-02 01:18:38 -0700
  
ActionController::RoutingError (No route matches [GET] "/new"):
  
actionpack (6.0.0) lib/action_dispatch/middleware/debug_exceptions.rb:36:in `call'
web-console (4.0.1) lib/web_console/middleware.rb:132:in `call_app'
web-console (4.0.1) lib/web_console/middleware.rb:28:in `block in call'
web-console (4.0.1) lib/web_console/middleware.rb:17:in `catch'
web-console (4.0.1) lib/web_console/middleware.rb:17:in `call'
actionpack (6.0.0) lib/action_dispatch/middleware/show_exceptions.rb:33:in `call'
railties (6.0.0) lib/rails/rack/logger.rb:38:in `call_app'
railties (6.0.0) lib/rails/rack/logger.rb:26:in `block in call'
activesupport (6.0.0) lib/active_support/tagged_logging.rb:80:in `block in tagged'
activesupport (6.0.0) lib/active_support/tagged_logging.rb:28:in `tagged'
activesupport (6.0.0) lib/active_support/tagged_logging.rb:80:in `tagged'
railties (6.0.0) lib/rails/rack/logger.rb:26:in `call'
sprockets-rails (3.2.1) lib/sprockets/rails/quiet_assets.rb:13:in `call'
actionpack (6.0.0) lib/action_dispatch/middleware/remote_ip.rb:81:in `call'
actionpack (6.0.0) lib/action_dispatch/middleware/request_id.rb:27:in `call'
rack (2.0.7) lib/rack/method_override.rb:22:in `call'
rack (2.0.7) lib/rack/runtime.rb:22:in `call'
activesupport (6.0.0) lib/active_support/cache/strategy/local_cache_middleware.rb:29:in `call'
actionpack (6.0.0) lib/action_dispatch/middleware/executor.rb:14:in `call'
actionpack (6.0.0) lib/action_dispatch/middleware/static.rb:126:in `call'
rack (2.0.7) lib/rack/sendfile.rb:111:in `call'
actionpack (6.0.0) lib/action_dispatch/middleware/host_authorization.rb:83:in `call'
webpacker (4.0.7) lib/webpacker/dev_server_proxy.rb:29:in `perform_request'
rack-proxy (0.6.5) lib/rack/proxy.rb:57:in `call'
railties (6.0.0) lib/rails/engine.rb:526:in `call'
puma (3.12.1) lib/puma/configuration.rb:227:in `call'
puma (3.12.1) lib/puma/server.rb:660:in `handle_request'
puma (3.12.1) lib/puma/server.rb:474:in `process_client'
puma (3.12.1) lib/puma/server.rb:334:in `block in run'
puma (3.12.1) lib/puma/thread_pool.rb:135:in `block in spawn_thread'
Started GET "/users" for ::1 at 2019-09-02 01:18:41 -0700
  
ActionController::RoutingError (No route matches [GET] "/users"):
  
actionpack (6.0.0) lib/action_dispatch/middleware/debug_exceptions.rb:36:in `call'
web-console (4.0.1) lib/web_console/middleware.rb:132:in `call_app'
web-console (4.0.1) lib/web_console/middleware.rb:28:in `block in call'
web-console (4.0.1) lib/web_console/middleware.rb:17:in `catch'
web-console (4.0.1) lib/web_console/middleware.rb:17:in `call'
actionpack (6.0.0) lib/action_dispatch/middleware/show_exceptions.rb:33:in `call'
railties (6.0.0) lib/rails/rack/logger.rb:38:in `call_app'
railties (6.0.0) lib/rails/rack/logger.rb:26:in `block in call'
activesupport (6.0.0) lib/active_support/tagged_logging.rb:80:in `block in tagged'
activesupport (6.0.0) lib/active_support/tagged_logging.rb:28:in `tagged'
activesupport (6.0.0) lib/active_support/tagged_logging.rb:80:in `tagged'
railties (6.0.0) lib/rails/rack/logger.rb:26:in `call'
sprockets-rails (3.2.1) lib/sprockets/rails/quiet_assets.rb:13:in `call'
actionpack (6.0.0) lib/action_dispatch/middleware/remote_ip.rb:81:in `call'
actionpack (6.0.0) lib/action_dispatch/middleware/request_id.rb:27:in `call'
rack (2.0.7) lib/rack/method_override.rb:22:in `call'
rack (2.0.7) lib/rack/runtime.rb:22:in `call'
activesupport (6.0.0) lib/active_support/cache/strategy/local_cache_middleware.rb:29:in `call'
actionpack (6.0.0) lib/action_dispatch/middleware/executor.rb:14:in `call'
actionpack (6.0.0) lib/action_dispatch/middleware/static.rb:126:in `call'
rack (2.0.7) lib/rack/sendfile.rb:111:in `call'
actionpack (6.0.0) lib/action_dispatch/middleware/host_authorization.rb:83:in `call'
webpacker (4.0.7) lib/webpacker/dev_server_proxy.rb:29:in `perform_request'
rack-proxy (0.6.5) lib/rack/proxy.rb:57:in `call'
railties (6.0.0) lib/rails/engine.rb:526:in `call'
puma (3.12.1) lib/puma/configuration.rb:227:in `call'
puma (3.12.1) lib/puma/server.rb:660:in `handle_request'
puma (3.12.1) lib/puma/server.rb:474:in `process_client'
puma (3.12.1) lib/puma/server.rb:334:in `block in run'
puma (3.12.1) lib/puma/thread_pool.rb:135:in `block in spawn_thread'
Started GET "/" for ::1 at 2019-09-02 01:19:11 -0700
Processing by Rails::WelcomeController#index as */*
  Rendering /Users/user/.rbenv/versions/2.5.1/lib/ruby/gems/2.5.0/gems/railties-6.0.0/lib/rails/templates/rails/welcome/index.html.erb
  Rendered /Users/user/.rbenv/versions/2.5.1/lib/ruby/gems/2.5.0/gems/railties-6.0.0/lib/rails/templates/rails/welcome/index.html.erb (Duration: 13.1ms | Allocations: 196)
Completed 200 OK in 16ms (Views: 14.6ms | ActiveRecord: 0.0ms | Allocations: 953)


Started GET "/users" for ::1 at 2019-09-02 01:19:19 -0700
  
ActionController::RoutingError (No route matches [GET] "/users"):
  
actionpack (6.0.0) lib/action_dispatch/middleware/debug_exceptions.rb:36:in `call'
web-console (4.0.1) lib/web_console/middleware.rb:132:in `call_app'
web-console (4.0.1) lib/web_console/middleware.rb:28:in `block in call'
web-console (4.0.1) lib/web_console/middleware.rb:17:in `catch'
web-console (4.0.1) lib/web_console/middleware.rb:17:in `call'
actionpack (6.0.0) lib/action_dispatch/middleware/show_exceptions.rb:33:in `call'
railties (6.0.0) lib/rails/rack/logger.rb:38:in `call_app'
railties (6.0.0) lib/rails/rack/logger.rb:26:in `block in call'
activesupport (6.0.0) lib/active_support/tagged_logging.rb:80:in `block in tagged'
activesupport (6.0.0) lib/active_support/tagged_logging.rb:28:in `tagged'
activesupport (6.0.0) lib/active_support/tagged_logging.rb:80:in `tagged'
railties (6.0.0) lib/rails/rack/logger.rb:26:in `call'
sprockets-rails (3.2.1) lib/sprockets/rails/quiet_assets.rb:13:in `call'
actionpack (6.0.0) lib/action_dispatch/middleware/remote_ip.rb:81:in `call'
actionpack (6.0.0) lib/action_dispatch/middleware/request_id.rb:27:in `call'
rack (2.0.7) lib/rack/method_override.rb:22:in `call'
rack (2.0.7) lib/rack/runtime.rb:22:in `call'
activesupport (6.0.0) lib/active_support/cache/strategy/local_cache_middleware.rb:29:in `call'
actionpack (6.0.0) lib/action_dispatch/middleware/executor.rb:14:in `call'
actionpack (6.0.0) lib/action_dispatch/middleware/static.rb:126:in `call'
rack (2.0.7) lib/rack/sendfile.rb:111:in `call'
actionpack (6.0.0) lib/action_dispatch/middleware/host_authorization.rb:83:in `call'
webpacker (4.0.7) lib/webpacker/dev_server_proxy.rb:29:in `perform_request'
rack-proxy (0.6.5) lib/rack/proxy.rb:57:in `call'
railties (6.0.0) lib/rails/engine.rb:526:in `call'
puma (3.12.1) lib/puma/configuration.rb:227:in `call'
puma (3.12.1) lib/puma/server.rb:660:in `handle_request'
puma (3.12.1) lib/puma/server.rb:474:in `process_client'
puma (3.12.1) lib/puma/server.rb:334:in `block in run'
puma (3.12.1) lib/puma/thread_pool.rb:135:in `block in spawn_thread'
  [1m[35m (0.2ms)[0m  [1m[34mSELECT pg_try_advisory_lock(4505726345591715405)[0m
  [1m[35m (0.9ms)[0m  [1m[34mSELECT "schema_migrations"."version" FROM "schema_migrations" ORDER BY "schema_migrations"."version" ASC[0m
Migrating to CreateNotes (20190902082624)
  [1m[35m (0.2ms)[0m  [1m[35mBEGIN[0m
  [1m[35m (53.6ms)[0m  [1m[35mCREATE TABLE "notes" ("id" bigserial primary key, "track_id" integer NOT NULL, "user_id" integer NOT NULL, "content" text NOT NULL, "created_at" timestamp(6) NOT NULL, "updated_at" timestamp(6) NOT NULL)[0m
  [1m[35m (1.4ms)[0m  [1m[35mCREATE  INDEX  "index_notes_on_track_id" ON "notes"  ("track_id")[0m
  [1m[35m (1.1ms)[0m  [1m[35mCREATE  INDEX  "index_notes_on_user_id" ON "notes"  ("user_id")[0m
  [1m[36mprimary::SchemaMigration Create (0.5ms)[0m  [1m[32mINSERT INTO "schema_migrations" ("version") VALUES ($1) RETURNING "version"[0m  [["version", "20190902082624"]]
  [1m[35m (0.6ms)[0m  [1m[35mCOMMIT[0m
  [1m[36mActiveRecord::InternalMetadata Load (1.6ms)[0m  [1m[34mSELECT "ar_internal_metadata".* FROM "ar_internal_metadata" WHERE "ar_internal_metadata"."key" = $1 LIMIT $2[0m  [["key", "environment"], ["LIMIT", 1]]
  [1m[35m (0.3ms)[0m  [1m[34mSELECT pg_advisory_unlock(4505726345591715405)[0m
  [1m[35m (1.0ms)[0m  [1m[34mSELECT "schema_migrations"."version" FROM "schema_migrations" ORDER BY "schema_migrations"."version" ASC[0m
  [1m[35m (1.0ms)[0m  [1m[34mSELECT "schema_migrations"."version" FROM "schema_migrations" ORDER BY "schema_migrations"."version" ASC[0m
  [1m[35m (0.3ms)[0m  [1m[34mSELECT pg_try_advisory_lock(4505726345591715405)[0m
  [1m[35m (41.9ms)[0m  [1m[34mSELECT "schema_migrations"."version" FROM "schema_migrations" ORDER BY "schema_migrations"."version" ASC[0m
Migrating to AddActivatedToUsers (20190902152242)
  [1m[35m (42.3ms)[0m  [1m[35mCREATE UNIQUE INDEX  "index_users_on_activated_token" ON "users"  ("activated_token")[0m
  [1m[35m (0.7ms)[0m  [1m[35mCREATE UNIQUE INDEX  "index_users_on_activated_token" ON "users"  ("activated_token")[0m
  [1m[35m (0.3ms)[0m  [1m[34mSELECT pg_advisory_unlock(4505726345591715405)[0m
  [1m[35m (0.3ms)[0m  [1m[34mSELECT pg_try_advisory_lock(4505726345591715405)[0m
  [1m[35m (1.2ms)[0m  [1m[34mSELECT "schema_migrations"."version" FROM "schema_migrations" ORDER BY "schema_migrations"."version" ASC[0m
Migrating to AddActivatedToUsers (20190902152242)
  [1m[35m (0.2ms)[0m  [1m[35mBEGIN[0m
  [1m[35m (45.1ms)[0m  [1m[35mALTER TABLE "users" ADD "activated" boolean DEFAULT FALSE NOT NULL[0m
  [1m[35m (0.3ms)[0m  [1m[31mROLLBACK[0m
  [1m[35m (0.3ms)[0m  [1m[34mSELECT pg_advisory_unlock(4505726345591715405)[0m
  [1m[35m (0.2ms)[0m  [1m[34mSELECT pg_try_advisory_lock(4505726345591715405)[0m
  [1m[35m (1.1ms)[0m  [1m[34mSELECT "schema_migrations"."version" FROM "schema_migrations" ORDER BY "schema_migrations"."version" ASC[0m
Migrating to AddActivatedToUsers (20190902152242)
  [1m[35m (0.2ms)[0m  [1m[35mBEGIN[0m
  [1m[35m (1.2ms)[0m  [1m[35mALTER TABLE "users" ADD "activated" boolean DEFAULT FALSE NOT NULL[0m
  [1m[35m (1.6ms)[0m  [1m[35mALTER TABLE "users" ADD "activation_token" character varying NOT NULL[0m
  [1m[36mprimary::SchemaMigration Create (0.7ms)[0m  [1m[32mINSERT INTO "schema_migrations" ("version") VALUES ($1) RETURNING "version"[0m  [["version", "20190902152242"]]
  [1m[35m (0.5ms)[0m  [1m[35mCOMMIT[0m
  [1m[36mActiveRecord::InternalMetadata Load (0.6ms)[0m  [1m[34mSELECT "ar_internal_metadata".* FROM "ar_internal_metadata" WHERE "ar_internal_metadata"."key" = $1 LIMIT $2[0m  [["key", "environment"], ["LIMIT", 1]]
  [1m[35m (0.3ms)[0m  [1m[34mSELECT pg_advisory_unlock(4505726345591715405)[0m
  [1m[35m (1.1ms)[0m  [1m[34mSELECT "schema_migrations"."version" FROM "schema_migrations" ORDER BY "schema_migrations"."version" ASC[0m
  [1m[35m (0.2ms)[0m  [1m[34mSELECT pg_try_advisory_lock(4505726345591715405)[0m
  [1m[35m (1.0ms)[0m  [1m[34mSELECT "schema_migrations"."version" FROM "schema_migrations" ORDER BY "schema_migrations"."version" ASC[0m
Migrating to AddActivationTokenIndexToUsers (20190902152711)
  [1m[35m (0.2ms)[0m  [1m[35mBEGIN[0m
  [1m[35m (42.3ms)[0m  [1m[35mCREATE UNIQUE INDEX  "index_users_on_activated_token" ON "users"  ("activated_token")[0m
  [1m[35m (0.2ms)[0m  [1m[31mROLLBACK[0m
  [1m[35m (0.3ms)[0m  [1m[34mSELECT pg_advisory_unlock(4505726345591715405)[0m
  [1m[35m (0.3ms)[0m  [1m[34mSELECT pg_try_advisory_lock(4505726345591715405)[0m
  [1m[35m (1.0ms)[0m  [1m[34mSELECT "schema_migrations"."version" FROM "schema_migrations" ORDER BY "schema_migrations"."version" ASC[0m
Migrating to AddActivationTokenIndexToUsers (20190902152711)
  [1m[35m (0.2ms)[0m  [1m[35mBEGIN[0m
  [1m[35m (43.1ms)[0m  [1m[35mCREATE UNIQUE INDEX  "index_users_on_activation_token" ON "users"  ("activation_token")[0m
  [1m[36mprimary::SchemaMigration Create (0.5ms)[0m  [1m[32mINSERT INTO "schema_migrations" ("version") VALUES ($1) RETURNING "version"[0m  [["version", "20190902152711"]]
  [1m[35m (1.2ms)[0m  [1m[35mCOMMIT[0m
  [1m[36mActiveRecord::InternalMetadata Load (0.6ms)[0m  [1m[34mSELECT "ar_internal_metadata".* FROM "ar_internal_metadata" WHERE "ar_internal_metadata"."key" = $1 LIMIT $2[0m  [["key", "environment"], ["LIMIT", 1]]
  [1m[35m (0.4ms)[0m  [1m[34mSELECT pg_advisory_unlock(4505726345591715405)[0m
  [1m[35m (1.0ms)[0m  [1m[34mSELECT "schema_migrations"."version" FROM "schema_migrations" ORDER BY "schema_migrations"."version" ASC[0m
  [1m[35m (1.2ms)[0m  [1m[34mSELECT "schema_migrations"."version" FROM "schema_migrations" ORDER BY "schema_migrations"."version" ASC[0m
  [1m[35m (0.6ms)[0m  [1m[34mSELECT "ar_internal_metadata"."value" FROM "ar_internal_metadata" WHERE "ar_internal_metadata"."key" = $1[0m  [["key", "environment"]]
  [1m[35m (0.3ms)[0m  [1m[34mSELECT "schema_migrations"."version" FROM "schema_migrations" ORDER BY "schema_migrations"."version" ASC[0m
  [1m[35m (0.2ms)[0m  [1m[34mSELECT "ar_internal_metadata"."value" FROM "ar_internal_metadata" WHERE "ar_internal_metadata"."key" = $1[0m  [["key", "environment"]]
  [1m[35m (0.3ms)[0m  [1m[34mSELECT "schema_migrations"."version" FROM "schema_migrations" ORDER BY "schema_migrations"."version" ASC[0m
  [1m[35m (0.3ms)[0m  [1m[34mSELECT "ar_internal_metadata"."value" FROM "ar_internal_metadata" WHERE "ar_internal_metadata"."key" = $1[0m  [["key", "environment"]]
  [1m[35m (226.0ms)[0m  [1m[35mDROP DATABASE IF EXISTS "music_app_development"[0m
  [1m[35m (217.6ms)[0m  [1m[35mDROP DATABASE IF EXISTS "music_app_test"[0m
  [1m[35m (531.8ms)[0m  [1m[35mCREATE DATABASE "music_app_development" ENCODING = 'unicode'[0m
  [1m[35m (427.8ms)[0m  [1m[35mCREATE DATABASE "music_app_test" ENCODING = 'unicode'[0m
  [1m[35mSQL (0.5ms)[0m  [1m[35mCREATE EXTENSION IF NOT EXISTS "plpgsql"[0m
  [1m[35m (0.2ms)[0m  [1m[35mDROP TABLE IF EXISTS "albums" CASCADE[0m
  [1m[35m (9.3ms)[0m  [1m[35mCREATE TABLE "albums" ("id" bigserial primary key, "name" character varying NOT NULL, "band_id" integer NOT NULL, "year" integer NOT NULL, "live" boolean DEFAULT FALSE NOT NULL, "created_at" timestamp(6) NOT NULL, "updated_at" timestamp(6) NOT NULL)[0m
  [1m[35m (1.9ms)[0m  [1m[35mCREATE UNIQUE INDEX  "index_albums_on_band_id_and_name" ON "albums"  ("band_id", "name")[0m
  [1m[35m (0.2ms)[0m  [1m[35mDROP TABLE IF EXISTS "bands" CASCADE[0m
  [1m[35m (5.0ms)[0m  [1m[35mCREATE TABLE "bands" ("id" bigserial primary key, "name" character varying NOT NULL, "created_at" timestamp(6) NOT NULL, "updated_at" timestamp(6) NOT NULL)[0m
  [1m[35m (1.2ms)[0m  [1m[35mCREATE UNIQUE INDEX  "index_bands_on_name" ON "bands"  ("name")[0m
  [1m[35m (0.2ms)[0m  [1m[35mDROP TABLE IF EXISTS "notes" CASCADE[0m
  [1m[35m (4.5ms)[0m  [1m[35mCREATE TABLE "notes" ("id" bigserial primary key, "track_id" integer NOT NULL, "user_id" integer NOT NULL, "content" text NOT NULL, "created_at" timestamp(6) NOT NULL, "updated_at" timestamp(6) NOT NULL)[0m
  [1m[35m (2.6ms)[0m  [1m[35mCREATE  INDEX  "index_notes_on_track_id" ON "notes"  ("track_id")[0m
  [1m[35m (1.7ms)[0m  [1m[35mCREATE  INDEX  "index_notes_on_user_id" ON "notes"  ("user_id")[0m
  [1m[35m (0.5ms)[0m  [1m[35mDROP TABLE IF EXISTS "tracks" CASCADE[0m
  [1m[35m (5.2ms)[0m  [1m[35mCREATE TABLE "tracks" ("id" bigserial primary key, "name" character varying NOT NULL, "album_id" integer NOT NULL, "ord" integer NOT NULL, "bonus" boolean DEFAULT FALSE NOT NULL, "lyrics" text NOT NULL, "created_at" timestamp(6) NOT NULL, "updated_at" timestamp(6) NOT NULL)[0m
  [1m[35m (1.4ms)[0m  [1m[35mCREATE UNIQUE INDEX  "index_tracks_on_album_id_and_ord" ON "tracks"  ("album_id", "ord")[0m
  [1m[35m (0.2ms)[0m  [1m[35mDROP TABLE IF EXISTS "users" CASCADE[0m
  [1m[35m (6.1ms)[0m  [1m[35mCREATE TABLE "users" ("id" bigserial primary key, "email" character varying NOT NULL, "password_digest" character varying NOT NULL, "session_token" character varying NOT NULL, "created_at" timestamp(6) NOT NULL, "updated_at" timestamp(6) NOT NULL, "activated" boolean DEFAULT FALSE NOT NULL, "activation_token" character varying NOT NULL)[0m
  [1m[35m (2.1ms)[0m  [1m[35mCREATE UNIQUE INDEX  "index_users_on_activation_token" ON "users"  ("activation_token")[0m
  [1m[35m (1.8ms)[0m  [1m[35mCREATE UNIQUE INDEX  "index_users_on_email" ON "users"  ("email")[0m
  [1m[35m (1.6ms)[0m  [1m[35mCREATE UNIQUE INDEX  "index_users_on_session_token" ON "users"  ("session_token")[0m
  [1m[35m (3.2ms)[0m  [1m[35mCREATE TABLE "schema_migrations" ("version" character varying NOT NULL PRIMARY KEY)[0m
  [1m[35m (0.7ms)[0m  [1m[34mSELECT "schema_migrations"."version" FROM "schema_migrations" ORDER BY "schema_migrations"."version" ASC[0m
  [1m[35m (0.7ms)[0m  [1m[32mINSERT INTO "schema_migrations" (version) VALUES (20190902152711)[0m
  [1m[35m (0.6ms)[0m  [1m[32mINSERT INTO "schema_migrations" (version) VALUES
(20190830170956),
(20190902062451),
(20190902073439),
(20190902074806),
(20190902082624),
(20190902152242);

[0m
  [1m[35m (3.6ms)[0m  [1m[35mCREATE TABLE "ar_internal_metadata" ("key" character varying NOT NULL PRIMARY KEY, "value" character varying, "created_at" timestamp(6) NOT NULL, "updated_at" timestamp(6) NOT NULL)[0m
  [1m[36mActiveRecord::InternalMetadata Load (0.4ms)[0m  [1m[34mSELECT "ar_internal_metadata".* FROM "ar_internal_metadata" WHERE "ar_internal_metadata"."key" = $1 LIMIT $2[0m  [["key", "environment"], ["LIMIT", 1]]
  [1m[35m (0.2ms)[0m  [1m[35mBEGIN[0m
  [1m[36mActiveRecord::InternalMetadata Create (0.6ms)[0m  [1m[32mINSERT INTO "ar_internal_metadata" ("key", "value", "created_at", "updated_at") VALUES ($1, $2, $3, $4) RETURNING "key"[0m  [["key", "environment"], ["value", "development"], ["created_at", "2019-09-02 15:27:57.320448"], ["updated_at", "2019-09-02 15:27:57.320448"]]
  [1m[35m (0.4ms)[0m  [1m[35mCOMMIT[0m
  [1m[36mActiveRecord::InternalMetadata Load (0.5ms)[0m  [1m[34mSELECT "ar_internal_metadata".* FROM "ar_internal_metadata" WHERE "ar_internal_metadata"."key" = $1 LIMIT $2[0m  [["key", "environment"], ["LIMIT", 1]]
  [1m[36mActiveRecord::InternalMetadata Load (0.5ms)[0m  [1m[34mSELECT "ar_internal_metadata".* FROM "ar_internal_metadata" WHERE "ar_internal_metadata"."key" = $1 LIMIT $2[0m  [["key", "schema_sha1"], ["LIMIT", 1]]
  [1m[35m (0.2ms)[0m  [1m[35mBEGIN[0m
  [1m[36mActiveRecord::InternalMetadata Create (0.3ms)[0m  [1m[32mINSERT INTO "ar_internal_metadata" ("key", "value", "created_at", "updated_at") VALUES ($1, $2, $3, $4) RETURNING "key"[0m  [["key", "schema_sha1"], ["value", "5b69ea8ee61073805ebf4f41c4ac170274e31170"], ["created_at", "2019-09-02 15:27:57.337522"], ["updated_at", "2019-09-02 15:27:57.337522"]]
  [1m[35m (0.3ms)[0m  [1m[35mCOMMIT[0m
  [1m[35mSQL (0.4ms)[0m  [1m[35mCREATE EXTENSION IF NOT EXISTS "plpgsql"[0m
  [1m[35m (0.2ms)[0m  [1m[35mDROP TABLE IF EXISTS "albums" CASCADE[0m
  [1m[35m (8.7ms)[0m  [1m[35mCREATE TABLE "albums" ("id" bigserial primary key, "name" character varying NOT NULL, "band_id" integer NOT NULL, "year" integer NOT NULL, "live" boolean DEFAULT FALSE NOT NULL, "created_at" timestamp(6) NOT NULL, "updated_at" timestamp(6) NOT NULL)[0m
  [1m[35m (1.7ms)[0m  [1m[35mCREATE UNIQUE INDEX  "index_albums_on_band_id_and_name" ON "albums"  ("band_id", "name")[0m
  [1m[35m (0.2ms)[0m  [1m[35mDROP TABLE IF EXISTS "bands" CASCADE[0m
  [1m[35m (4.8ms)[0m  [1m[35mCREATE TABLE "bands" ("id" bigserial primary key, "name" character varying NOT NULL, "created_at" timestamp(6) NOT NULL, "updated_at" timestamp(6) NOT NULL)[0m
  [1m[35m (1.3ms)[0m  [1m[35mCREATE UNIQUE INDEX  "index_bands_on_name" ON "bands"  ("name")[0m
  [1m[35m (0.2ms)[0m  [1m[35mDROP TABLE IF EXISTS "notes" CASCADE[0m
  [1m[35m (5.1ms)[0m  [1m[35mCREATE TABLE "notes" ("id" bigserial primary key, "track_id" integer NOT NULL, "user_id" integer NOT NULL, "content" text NOT NULL, "created_at" timestamp(6) NOT NULL, "updated_at" timestamp(6) NOT NULL)[0m
  [1m[35m (1.2ms)[0m  [1m[35mCREATE  INDEX  "index_notes_on_track_id" ON "notes"  ("track_id")[0m
  [1m[35m (1.4ms)[0m  [1m[35mCREATE  INDEX  "index_notes_on_user_id" ON "notes"  ("user_id")[0m
  [1m[35m (0.2ms)[0m  [1m[35mDROP TABLE IF EXISTS "tracks" CASCADE[0m
  [1m[35m (4.7ms)[0m  [1m[35mCREATE TABLE "tracks" ("id" bigserial primary key, "name" character varying NOT NULL, "album_id" integer NOT NULL, "ord" integer NOT NULL, "bonus" boolean DEFAULT FALSE NOT NULL, "lyrics" text NOT NULL, "created_at" timestamp(6) NOT NULL, "updated_at" timestamp(6) NOT NULL)[0m
  [1m[35m (1.4ms)[0m  [1m[35mCREATE UNIQUE INDEX  "index_tracks_on_album_id_and_ord" ON "tracks"  ("album_id", "ord")[0m
  [1m[35m (0.2ms)[0m  [1m[35mDROP TABLE IF EXISTS "users" CASCADE[0m
  [1m[35m (5.6ms)[0m  [1m[35mCREATE TABLE "users" ("id" bigserial primary key, "email" character varying NOT NULL, "password_digest" character varying NOT NULL, "session_token" character varying NOT NULL, "created_at" timestamp(6) NOT NULL, "updated_at" timestamp(6) NOT NULL, "activated" boolean DEFAULT FALSE NOT NULL, "activation_token" character varying NOT NULL)[0m
  [1m[35m (1.5ms)[0m  [1m[35mCREATE UNIQUE INDEX  "index_users_on_activation_token" ON "users"  ("activation_token")[0m
  [1m[35m (1.3ms)[0m  [1m[35mCREATE UNIQUE INDEX  "index_users_on_email" ON "users"  ("email")[0m
  [1m[35m (1.2ms)[0m  [1m[35mCREATE UNIQUE INDEX  "index_users_on_session_token" ON "users"  ("session_token")[0m
  [1m[35m (3.5ms)[0m  [1m[35mCREATE TABLE "schema_migrations" ("version" character varying NOT NULL PRIMARY KEY)[0m
  [1m[35m (1.0ms)[0m  [1m[34mSELECT "schema_migrations"."version" FROM "schema_migrations" ORDER BY "schema_migrations"."version" ASC[0m
  [1m[35m (0.7ms)[0m  [1m[32mINSERT INTO "schema_migrations" (version) VALUES (20190902152711)[0m
  [1m[35m (0.6ms)[0m  [1m[32mINSERT INTO "schema_migrations" (version) VALUES
(20190830170956),
(20190902062451),
(20190902073439),
(20190902074806),
(20190902082624),
(20190902152242);

[0m
  [1m[35m (3.4ms)[0m  [1m[35mCREATE TABLE "ar_internal_metadata" ("key" character varying NOT NULL PRIMARY KEY, "value" character varying, "created_at" timestamp(6) NOT NULL, "updated_at" timestamp(6) NOT NULL)[0m
  [1m[36mActiveRecord::InternalMetadata Load (0.4ms)[0m  [1m[34mSELECT "ar_internal_metadata".* FROM "ar_internal_metadata" WHERE "ar_internal_metadata"."key" = $1 LIMIT $2[0m  [["key", "environment"], ["LIMIT", 1]]
  [1m[35m (0.1ms)[0m  [1m[35mBEGIN[0m
  [1m[36mActiveRecord::InternalMetadata Create (0.7ms)[0m  [1m[32mINSERT INTO "ar_internal_metadata" ("key", "value", "created_at", "updated_at") VALUES ($1, $2, $3, $4) RETURNING "key"[0m  [["key", "environment"], ["value", "development"], ["created_at", "2019-09-02 15:27:57.500792"], ["updated_at", "2019-09-02 15:27:57.500792"]]
  [1m[35m (0.4ms)[0m  [1m[35mCOMMIT[0m
  [1m[36mActiveRecord::InternalMetadata Load (0.3ms)[0m  [1m[34mSELECT "ar_internal_metadata".* FROM "ar_internal_metadata" WHERE "ar_internal_metadata"."key" = $1 LIMIT $2[0m  [["key", "environment"], ["LIMIT", 1]]
  [1m[35m (0.1ms)[0m  [1m[35mBEGIN[0m
  [1m[36mActiveRecord::InternalMetadata Update (1.5ms)[0m  [1m[33mUPDATE "ar_internal_metadata" SET "value" = $1, "updated_at" = $2 WHERE "ar_internal_metadata"."key" = $3[0m  [["value", "test"], ["updated_at", "2019-09-02 15:27:57.509860"], ["key", "environment"]]
  [1m[35m (0.3ms)[0m  [1m[35mCOMMIT[0m
  [1m[36mActiveRecord::InternalMetadata Load (0.4ms)[0m  [1m[34mSELECT "ar_internal_metadata".* FROM "ar_internal_metadata" WHERE "ar_internal_metadata"."key" = $1 LIMIT $2[0m  [["key", "schema_sha1"], ["LIMIT", 1]]
  [1m[35m (0.2ms)[0m  [1m[35mBEGIN[0m
  [1m[36mActiveRecord::InternalMetadata Create (0.4ms)[0m  [1m[32mINSERT INTO "ar_internal_metadata" ("key", "value", "created_at", "updated_at") VALUES ($1, $2, $3, $4) RETURNING "key"[0m  [["key", "schema_sha1"], ["value", "5b69ea8ee61073805ebf4f41c4ac170274e31170"], ["created_at", "2019-09-02 15:27:57.518537"], ["updated_at", "2019-09-02 15:27:57.518537"]]
  [1m[35m (0.5ms)[0m  [1m[35mCOMMIT[0m
  [1m[35m (1.2ms)[0m  [1m[34mSELECT "schema_migrations"."version" FROM "schema_migrations" ORDER BY "schema_migrations"."version" ASC[0m
Started GET "/" for ::1 at 2019-09-02 08:35:08 -0700
